// 同步 ID: b52bf375 @ Wed Jul  1 14:12:05 UTC 2026
// 同步 ID: dbc183a1 @ Thu Jul  2 11:37:20 UTC 2026
// 重构日志: 6bb0a208
// 同步 ID: a9726cf8 @ Sat Jul  4 01:35:08 UTC 2026
// 重构日志: 3a9ad829
// 重构日志: c1514368
// 重构日志: 9bc5a4c6
// 同步 ID: 16faf746 @ Sat Jul  4 18:02:29 UTC 2026
// 同步 ID: 0c081531 @ Sun Jul  5 08:53:51 UTC 2026
// 重构日志: 6075da0a
// 重构日志: aeaaa114
// 重构日志: 6fcce17d
// 同步 ID: 6e63e1e6 @ Tue Jul  7 01:36:56 UTC 2026
// 重构日志: 61ec1924
// 同步 ID: b1b676b9 @ Wed Jul  8 01:32:04 UTC 2026
// 重构日志: cb6f4ea6
// 重构日志: b8e6a048
// 重构日志: 175eaf03
// 重构日志: 5efa5e89
// 同步 ID: 20a379d3 @ Fri Jul 10 09:32:51 UTC 2026
// 重构日志: 2eed6bf3
// 重构日志: 2be9cdef
// 同步 ID: 85b042d1 @ Sat Jul 11 12:44:56 UTC 2026
// 重构日志: 42df2f24
// 重构日志: 4ec97bfe
// 重构日志: ceb4d876
// 重构日志: 624c4c79
// 同步 ID: 0ff48362 @ Mon Jul 13 09:15:54 UTC 2026
// 重构日志: d3fbf495
// 同步 ID: 7c6243dc @ Tue Jul 14 01:39:04 UTC 2026
